<?xml version="1.0" encoding="UTF-8"?>
<beans xmlns="http://www.springframework.org/schema/beans"
	xmlns:beans="http://www.springframework.org/schema/beans"
	xmlns:context="http://www.springframework.org/schema/context" xmlns:xsi="http://www.w3.org/2001/XMLSchema-instance"
	xsi:schemaLocation="http://www.springframework.org/schema/beans 
	http://www.springframework.org/schema/beans/spring-beans.xsd 
	http://www.springframework.org/schema/context 
	http://www.springframework.org/schema/context/spring-context.xsd">

	<bean class="com.terrier.finances.gestion.business.TestBudgetConfig" />	
	<bean class="com.terrier.finances.gestion.data.mongodb.SpringMongoDBConfig" />
	<bean class="com.terrier.finances.gestion.budget.data.BudgetDatabaseService" />
	<bean class="com.terrier.finances.gestion.business.statut.StatusApplicationService" />
	<bean class="com.terrier.finances.gestion.parametrages.data.ParametragesDatabaseService" />
	<bean class="com.terrier.finances.gestion.budget.model.transformer.DataTransformerLigneDepense" id="dataTransformerLigneDepense" />
	<bean class="com.terrier.finances.gestion.budget.model.transformer.DataTransformerBudget" id="dataTransformerBudget"/>
	<!-- Properties par Config.properties -->
	<context:property-placeholder location="classpath:config.properties" ignore-resource-not-found="true" />
</beans>
